Inputs 
Districts :  [ 1 : Bagalkot ] [ 2 : BANGALORE RURAL ] [ 3 : Belgaum ] [ 4 : BELLARY ] [ 5 : BENGALURU URBAN ] [ 6 : Bidar ] [ 7 : Bijapur ] [ 8 : CHAMARAJANAGAR ] [ 9 : CHIKBALLAPUR ] [ 10 : CHIKMAGALUR ] [ 11 : CHITRADURGA ] [ 12 : DAVANGERE ] [ 13 : Dharwad ] [ 14 : Gadag ] [ 15 : Gulbarga ] [ 16 : Hassan ] [ 17 : Haveri ] [ 18 : Kodagu ] [ 19 : Kolar ] [ 20 : Koppal ] [ 21 : Mandya ] [ 22 : Mysore ] [ 23 : Raichur ] [ 24 : RAMANAGARA ] [ 25 : Shimoga ] [ 26 : Tumkur ] [ 27 : UTTAR KANNAD ] [ 28 : DAKSHIN KANNAD ] [ 29 : Udupi ] [ 30 : Yadgir ] 
Crops :  ['tur', 'maize', 'rice']
New allocatition :  {'1': {'tur': 72210.08353029557, 'maize': 23827.468674320025, 'rice': 14626.44779538441}, '2': {'tur': 4653.1795814076895, 'maize': 3707.317843395752, 'rice': 3223.5025751965595}, '3': {'tur': 74837.27571570707, 'maize': 149471.7040189743, 'rice': 3780.0202653185816}, '4': {'tur': 58818.60187605375, 'maize': 126569.47661655025, 'rice': 170138.92150739598}, '5': {'tur': 40.08722697862523, 'maize': 1602.5292181501006, 'rice': 386.38355487127427}, '6': {'tur': 39459.52797613685, 'maize': 16654.219909716656, 'rice': 23012.252114146493}, '7': {'tur': 189204.0902284731, 'maize': 112999.55081498403, 'rice': 264635.3589565428}, '8': {'tur': 25131.102848000333, 'maize': 1221.6153901368443, 'rice': 14191.28176186282}, '9': {'tur': 6893.005042428697, 'maize': 2024.534781825077, 'rice': 28882.460175746226}, '10': {'tur': 13457.168983025002, 'maize': 23378.066586122655, 'rice': 3505.764430852339}, '11': {'tur': 36818.242274122014, 'maize': 38118.35399445669, 'rice': 34526.4037314213}, '12': {'tur': 185705.30007919812, 'maize': 63706.205737678305, 'rice': 13074.494183123523}, '13': {'tur': 34790.46219056012, 'maize': 2495.907577434905, 'rice': 17098.630232004973}, '14': {'tur': 21855.596017160366, 'maize': 14944.167730449484, 'rice': 24824.23625239015}, '15': {'tur': 14683.49439660756, 'maize': 59163.71912197423, 'rice': 552256.7864814182}, '16': {'tur': 61454.68183603008, 'maize': 33219.89120476219, 'rice': 40790.426959207725}, '17': {'tur': 185004.71964688538, 'maize': 26871.387802144727, 'rice': 18189.892550969886}, '18': {'tur': 4985.808750596498, 'maize': 8178.31721348775, 'rice': 8095.874035915753}, '19': {'tur': 1378.1803697209882, 'maize': 3741.1805790519397, 'rice': 1254.6390512270718}, '20': {'tur': 102453.11597764949, 'maize': 32695.717026266415, 'rice': 38066.16699608409}, '21': {'tur': 40956.41618879096, 'maize': 5257.341326359942, 'rice': 25647.2424848491}, '22': {'tur': 47046.090882365446, 'maize': 30523.283430080995, 'rice': 52198.625687553555}, '23': {'tur': 31507.42461426968, 'maize': 146804.09300148854, 'rice': 104104.4823842418}, '24': {'tur': 5898.579511763759, 'maize': 1596.8054476940388, 'rice': 383.61504054220194}, '25': {'tur': 101261.84068762691, 'maize': 52560.08586269097, 'rice': 7962.073449682113}, '26': {'tur': 4912.480917428125, 'maize': 26172.108025786292, 'rice': 15849.41105678559}, '27': {'tur': 3623.9457303555328, 'maize': 43532.95484400059, 'rice': 16963.09942564388}, '28': {'tur': 11466.536657586565, 'maize': 6492.7192351914355, 'rice': 16650.744107222003}, '29': {'tur': 7204.039571053676, 'maize': 99.27256961773136, 'rice': 2071.687859328594}, '30': {'tur': 125448.4145156472, 'maize': 3402.9367074902457, 'rice': 78979.64877686257}}
Standard allocation :  {'1': {'tur': 23003.0, 'maize': 62916.0, 'rice': 0.0}, '2': {'tur': 1347.0, 'maize': 9449.0, 'rice': 676.0}, '3': {'tur': 6278.0, 'maize': 141195.0, 'rice': 64585.0}, '4': {'tur': 9363.0, 'maize': 97818.0, 'rice': 101933.0}, '5': {'tur': 600.0, 'maize': 1153.0, 'rice': 270.0}, '6': {'tur': 78680.0, 'maize': 867.0, 'rice': 1018.0}, '7': {'tur': 262563.0, 'maize': 50520.0, 'rice': 30.0}, '8': {'tur': 786.0, 'maize': 29289.0, 'rice': 3011.0}, '9': {'tur': 10720.0, 'maize': 59501.0, 'rice': 431.0}, '10': {'tur': 509.0, 'maize': 15287.0, 'rice': 26898.0}, '11': {'tur': 13338.0, 'maize': 80866.0, 'rice': 1584.0}, '12': {'tur': 8143.0, 'maize': 189436.0, 'rice': 64403.0}, '13': {'tur': 881.0, 'maize': 27986.0, 'rice': 22421.0}, '14': {'tur': 3373.0, 'maize': 38468.0, 'rice': 2437.0}, '15': {'tur': 328808.0, 'maize': 220.0, 'rice': 7833.0}, '16': {'tur': 1622.0, 'maize': 82852.0, 'rice': 21625.0}, '17': {'tur': 1221.0, 'maize': 185153.0, 'rice': 27730.0}, '18': {'tur': 0.0, 'maize': 3558.0, 'rice': 27171.0}, '19': {'tur': 2297.0, 'maize': 114.0, 'rice': 1256.0}, '20': {'tur': 17255.0, 'maize': 63744.0, 'rice': 53939.0}, '21': {'tur': 1048.0, 'maize': 10287.0, 'rice': 33853.0}, '22': {'tur': 2022.0, 'maize': 49309.0, 'rice': 65128.0}, '23': {'tur': 38188.0, 'maize': 1592.0, 'rice': 113457.0}, '24': {'tur': 3377.0, 'maize': 2160.0, 'rice': 4294.0}, '25': {'tur': 491.0, 'maize': 71212.0, 'rice': 93516.0}, '26': {'tur': 10963.0, 'maize': 20122.0, 'rice': 4858.0}, '27': {'tur': 2.0, 'maize': 9868.0, 'rice': 62868.0}, '28': {'tur': 0.0, 'maize': 6.0, 'rice': 47095.0}, '29': {'tur': 0.0, 'maize': 0.0, 'rice': 33162.0}, '30': {'tur': 58035.0, 'maize': 60.0, 'rice': 105443.0}}

Stock after production
District :  Bagalkot , stock :  {'tur': 41159.74761226847, 'maize': 101266.74186586011, 'rice': 41685.37621684557}
District :  BANGALORE RURAL , stock :  {'tur': 4211.127521173959, 'maize': 15144.393390271647, 'rice': 9573.802648333782}
District :  Belgaum , stock :  {'tur': 44902.365429424244, 'maize': 618065.4961184587, 'rice': 9109.848839417782}
District :  BELLARY , stock :  {'tur': 43819.85839766004, 'maize': 415780.7306853676, 'rice': 659288.3208411594}
District :  BENGALURU URBAN , stock :  {'tur': 31.26803704332768, 'maize': 6370.05364214665, 'rice': 1321.431757659758}
District :  Bidar , stock :  {'tur': 41432.504374943695, 'maize': 46132.18914991514, 'rice': 29685.805227248977}
District :  Bijapur , stock :  {'tur': 87979.90195623999, 'maize': 347473.6187560759, 'rice': 756857.1266157124}
District :  CHAMARAJANAGAR , stock :  {'tur': 17843.083022080235, 'maize': 5191.865408081589, 'rice': 51585.30920437135}
District :  CHIKBALLAPUR , stock :  {'tur': 4549.38332800294, 'maize': 6043.236323747855, 'rice': 98055.95229665843}
District :  CHIKMAGALUR , stock :  {'tur': 10496.591806759501, 'maize': 68848.40609613122, 'rice': 8606.651677742493}
District :  CHITRADURGA , stock :  {'tur': 22275.036575843817, 'maize': 119882.22331256629, 'rice': 74749.66407852712}
District :  DAVANGERE , stock :  {'tur': 193133.51208236604, 'maize': 216282.56847941785, 'rice': 46218.33693734166}
District :  Dharwad , stock :  {'tur': 12524.566388601645, 'maize': 7200.6933608997, 'rice': 12823.97267400373}
District :  Gadag , stock :  {'tur': 9944.296187807966, 'maize': 36986.81513286247, 'rice': 70128.46741300217}
District :  Gulbarga , stock :  {'tur': 15270.834172471863, 'maize': 203523.19377959135, 'rice': 1656770.3594442545}
District :  Hassan , stock :  {'tur': 30112.79409965474, 'maize': 150984.40552564416, 'rice': 114213.19548578163}
District :  Haveri , stock :  {'tur': 154478.9409051493, 'maize': 85451.01321082024, 'rice': 31104.716262158505}
District :  Kodagu , stock :  {'tur': 0.0, 'maize': 43590.43074788971, 'rice': 20887.355012662643}
District :  Kolar , stock :  {'tur': 1088.7624920795806, 'maize': 13056.720220891271, 'rice': 3111.504847043138}
District :  Koppal , stock :  {'tur': 43030.308710612786, 'maize': 82066.2497359287, 'rice': 140844.81788551115}
District :  Mandya , stock :  {'tur': 26621.670522714125, 'maize': 16297.758111715822, 'rice': 79506.45170303222}
District :  Mysore , stock :  {'tur': 39283.485886775146, 'maize': 105610.56066808024, 'rice': 158422.82896172506}
District :  Raichur , stock :  {'tur': 16698.935045562932, 'maize': 792008.0817430306, 'rice': 282643.6696732165}
District :  RAMANAGARA , stock :  {'tur': 3745.597989969987, 'maize': 5125.7454870978645, 'rice': 1964.109007576074}
District :  Shimoga , stock :  {'tur': 78984.235736349, 'maize': 225219.9679216308, 'rice': 20263.476929440978}
District :  Tumkur , stock :  {'tur': 1473.7442752284376, 'maize': 56139.1717153116, 'rice': 41921.69224519788}
District :  UTTAR KANNAD , stock :  {'tur': 2717.95929776665, 'maize': 203734.22866992274, 'rice': 34519.9073311853}
District :  DAKSHIN KANNAD , stock :  {'tur': 11466.536657586565, 'maize': 0.0, 'rice': 46705.33722075772}
District :  Udupi , stock :  {'tur': 0.0, 'maize': 339.0158252445526, 'rice': 6132.196063612639}
District :  Yadgir , stock :  {'tur': 106631.15233830012, 'maize': 11484.911387779579, 'rice': 238123.64106224064}
Solution status :  False
Logs :  [['14', '17', 'rice', 7808.556737841496], ['30', '15', 'tur', 56605.337338300116], ['21', '24', 'maize', 1037.7755129021352], ['2', '24', 'rice', 8595.633148333782], ['26', '24', 'rice', 2822.913844090146], ['24', '26', 'tur', 780.6057247715623], ['10', '16', 'maize', 31866.12684613122], ['16', '10', 'rice', 31189.51207225751], ['8', '22', 'rice', 16712.45303827495], ['22', '8', 'maize', 14100.134668080238], ['26', '2', 'maize', 13383.408359728352], ['9', '19', 'tur', 114.01250792041947], ['9', '19', 'rice', 776.267152956862], ['19', '9', 'maize', 11576.26222089127], ['14', '20', 'rice', 26370.76211448884], ['11', '12', 'rice', 72910.60482852711], ['24', '5', 'tur', 258.3849629566723], ['26', '21', 'rice', 28160.116401107738], ['26', '9', 'maize', 5525.320105583247], ['1', '7', 'tur', 28078.93161226847], ['7', '1', 'maize', 93537.74563413988], ['21', '9', 'maize', 311.93759881368715], ['9', '21', 'rice', 2876.486895860042], ['13', '3', 'rice', 4022.872674003729], ['3', '13', 'maize', 64124.0076391003], ['25', '12', 'maize', 18425.439421630814], ['5', '9', 'maize', 3086.7036421466505], ['20', '1', 'tur', 1.8189894035458565e-12], ['4', '20', 'maize', 38318.11926407131], ['11', '25', 'rice', 5.6843418860808015e-12], ['16', '18', 'rice', 15966.203413524127], ['18', '16', 'maize', 32779.85824788971], ['14', '12', 'rice', 29878.223560671835], ['4', '11', 'maize', 30546.24442129623], ['4', '12', 'rice', 86160.65397345938], ['3', '17', 'maize', 118501.5919793584], ['1', '3', 'rice', 41631.511216845574], ['4', '14', 'rice', 9.094947017729282e-13], ['20', '7', 'tur', 11455.79143149154], ['4', '23', 'tur', 9469.735454437068], ['29', '16', 'maize', 339.0158252445526], ['7', '14', 'maize', 43933.06236713753], ['5', '25', 'rice', 566.124757659758], ['7', '17', 'maize', 106326.57195479852], ['7', '3', 'rice', 44864.92626973291], ['4', '1', 'rice', 2.0392576516314875e-12], ['19', '8', 'maize', 4.547473508864641e-13], ['4', '25', 'rice', 147168.52061289924], ['18', '8', 'maize', 1.8189894035458565e-12], ['8', '18', 'rice', 4859.623573813231], ['27', '17', 'maize', 108729.70685502287], ['20', '15', 'tur', 25401.252279121247], ['4', '15', 'tur', 28334.359693222974], ['27', '12', 'maize', 62128.223814899866], ['14', '15', 'tur', 8933.377187807966], ['28', '14', 'tur', 1.1368683772161603e-13], ['10', '20', 'tur', 9.094947017729282e-13], ['17', '15', 'tur', 153694.5419051493], ['23', '11', 'maize', 53685.806266137486], ['23', '12', 'maize', 85188.51978405146], ['8', '28', 'rice', 12905.286842283167], ['7', '27', 'rice', 48658.7844588147], ['13', '15', 'tur', 12334.432388601645], ['3', '15', 'tur', 40458.975429424245], ['4', '28', 'rice', 20601.296226959108], ['4', '29', 'rice', 37935.09993638736], ['10', '3', 'tur', 9.094947017729282e-13], ['12', '15', 'tur', 2061.6416059006006], ['23', '9', 'maize', 69886.9651088173], ['23', '16', 'maize', 55059.39705509035], ['17', '6', 'tur', 4.888534022029489e-12], ['13', '6', 'tur', 2.842170943040401e-14], ['12', '6', 'tur', 15786.878125056297], ['23', '8', 'maize', 67630.06242383817]]

Final Distribution : 
District :  Bagalkot , stock :  {'tur': 13080.816, 'maize': 194804.4875, 'rice': 53.865}
District :  BANGALORE RURAL , stock :  {'tur': 4211.127521173959, 'maize': 28527.80175, 'rice': 978.1695}
District :  Belgaum , stock :  {'tur': 4443.39, 'maize': 435439.8965, 'rice': 99629.159}
District :  BELLARY , stock :  {'tur': 6015.76325, 'maize': 346916.367, 'rice': 367422.75009145436}
District :  BENGALURU URBAN , stock :  {'tur': 289.653, 'maize': 3283.35, 'rice': 755.307}
District :  Bidar , stock :  {'tur': 57219.3825, 'maize': 46132.18914991514, 'rice': 29685.805227248977}
District :  Bijapur , stock :  {'tur': 127514.625, 'maize': 103676.2388, 'rice': 663333.4158871649}
District :  CHAMARAJANAGAR , stock :  {'tur': 17843.083022080235, 'maize': 86922.0625, 'rice': 17107.94575}
District :  CHIKBALLAPUR , stock :  {'tur': 4435.37082008252, 'maize': 96430.425, 'rice': 94403.19824784153}
District :  CHIKMAGALUR , stock :  {'tur': 10496.591806759501, 'maize': 36982.27925, 'rice': 39796.16375}
District :  CHITRADURGA , stock :  {'tur': 22275.036575843817, 'maize': 204114.274, 'rice': 1839.05925}
District :  DAVANGERE , stock :  {'tur': 175284.99235140914, 'maize': 382024.7515, 'rice': 235167.8193}
District :  Dharwad , stock :  {'tur': 190.134, 'maize': 71324.701, 'rice': 8801.1}
District :  Gadag , stock :  {'tur': 1010.919, 'maize': 80919.8775, 'rice': 6070.925}
District :  Gulbarga , stock :  {'tur': 343094.752, 'maize': 203523.19377959135, 'rice': 1656770.3594442545}
District :  Hassan , stock :  {'tur': 30112.79409965474, 'maize': 271028.8035, 'rice': 67057.48}
District :  Haveri , stock :  {'tur': 784.399, 'maize': 419008.884, 'rice': 38913.273}
District :  Kodagu , stock :  {'tur': 0.0, 'maize': 10810.5725, 'rice': 41713.182}
District :  Kolar , stock :  {'tur': 1202.775, 'maize': 1480.458, 'rice': 3887.772}
District :  Koppal , stock :  {'tur': 6173.265, 'maize': 120384.369, 'rice': 167215.58}
District :  Mandya , stock :  {'tur': 26621.670522714125, 'maize': 14948.045, 'rice': 110543.055}
District :  Mysore , stock :  {'tur': 39283.485886775146, 'maize': 91510.426, 'rice': 175135.282}
District :  Raichur , stock :  {'tur': 26168.6705, 'maize': 460557.3311050957, 'rice': 282643.6696732165}
District :  RAMANAGARA , stock :  {'tur': 2706.607302241752, 'maize': 6163.521, 'rice': 13382.656}
District :  Shimoga , stock :  {'tur': 78984.235736349, 'maize': 206794.5285, 'rice': 167998.1223}
District :  Tumkur , stock :  {'tur': 2254.35, 'maize': 37230.44325, 'rice': 10938.662}
District :  UTTAR KANNAD , stock :  {'tur': 2717.95929776665, 'maize': 32876.298, 'rice': 83178.69179}
District :  DAKSHIN KANNAD , stock :  {'tur': 11466.536657586565, 'maize': 0.0, 'rice': 80211.92029}
District :  Udupi , stock :  {'tur': 0.0, 'maize': 0.0, 'rice': 44067.296}
District :  Yadgir , stock :  {'tur': 50025.815, 'maize': 11484.911387779579, 'rice': 238123.64106224064}

Solution status :  True

Total revenue from sale :  299710919061.72

Total cost of production :  147773406167.65

Total transport cost :  806192272933.01

Total profit :  -654254760038.94

Inputs 
Districts :  [ 1 : Bagalkot ] [ 2 : BANGALORE RURAL ] [ 3 : Belgaum ] [ 4 : BELLARY ] [ 5 : BENGALURU URBAN ] [ 6 : Bidar ] [ 7 : Bijapur ] [ 8 : CHAMARAJANAGAR ] [ 9 : CHIKBALLAPUR ] [ 10 : CHIKMAGALUR ] [ 11 : CHITRADURGA ] [ 12 : DAVANGERE ] [ 13 : Dharwad ] [ 14 : Gadag ] [ 15 : Gulbarga ] [ 16 : Hassan ] [ 17 : Haveri ] [ 18 : Kodagu ] [ 19 : Kolar ] [ 20 : Koppal ] [ 21 : Mandya ] [ 22 : Mysore ] [ 23 : Raichur ] [ 24 : RAMANAGARA ] [ 25 : Shimoga ] [ 26 : Tumkur ] [ 27 : UTTAR KANNAD ] [ 28 : DAKSHIN KANNAD ] [ 29 : Udupi ] [ 30 : Yadgir ] 
Crops :  ['tur', 'maize', 'rice']
New allocatition :  {'1': {'tur': 72210.08353029557, 'maize': 23827.468674320025, 'rice': 14626.44779538441}, '2': {'tur': 4653.1795814076895, 'maize': 3707.317843395752, 'rice': 3223.5025751965595}, '3': {'tur': 74837.27571570707, 'maize': 149471.7040189743, 'rice': 3780.0202653185816}, '4': {'tur': 58818.60187605375, 'maize': 126569.47661655025, 'rice': 170138.92150739598}, '5': {'tur': 40.08722697862523, 'maize': 1602.5292181501006, 'rice': 386.38355487127427}, '6': {'tur': 39459.52797613685, 'maize': 16654.219909716656, 'rice': 23012.252114146493}, '7': {'tur': 189204.0902284731, 'maize': 112999.55081498403, 'rice': 264635.3589565428}, '8': {'tur': 25131.102848000333, 'maize': 1221.6153901368443, 'rice': 14191.28176186282}, '9': {'tur': 6893.005042428697, 'maize': 2024.534781825077, 'rice': 28882.460175746226}, '10': {'tur': 13457.168983025002, 'maize': 23378.066586122655, 'rice': 3505.764430852339}, '11': {'tur': 36818.242274122014, 'maize': 38118.35399445669, 'rice': 34526.4037314213}, '12': {'tur': 185705.30007919812, 'maize': 63706.205737678305, 'rice': 13074.494183123523}, '13': {'tur': 34790.46219056012, 'maize': 2495.907577434905, 'rice': 17098.630232004973}, '14': {'tur': 21855.596017160366, 'maize': 14944.167730449484, 'rice': 24824.23625239015}, '15': {'tur': 14683.49439660756, 'maize': 59163.71912197423, 'rice': 552256.7864814182}, '16': {'tur': 61454.68183603008, 'maize': 33219.89120476219, 'rice': 40790.426959207725}, '17': {'tur': 185004.71964688538, 'maize': 26871.387802144727, 'rice': 18189.892550969886}, '18': {'tur': 4985.808750596498, 'maize': 8178.31721348775, 'rice': 8095.874035915753}, '19': {'tur': 1378.1803697209882, 'maize': 3741.1805790519397, 'rice': 1254.6390512270718}, '20': {'tur': 102453.11597764949, 'maize': 32695.717026266415, 'rice': 38066.16699608409}, '21': {'tur': 40956.41618879096, 'maize': 5257.341326359942, 'rice': 25647.2424848491}, '22': {'tur': 47046.090882365446, 'maize': 30523.283430080995, 'rice': 52198.625687553555}, '23': {'tur': 31507.42461426968, 'maize': 146804.09300148854, 'rice': 104104.4823842418}, '24': {'tur': 5898.579511763759, 'maize': 1596.8054476940388, 'rice': 383.61504054220194}, '25': {'tur': 101261.84068762691, 'maize': 52560.08586269097, 'rice': 7962.073449682113}, '26': {'tur': 4912.480917428125, 'maize': 26172.108025786292, 'rice': 15849.41105678559}, '27': {'tur': 3623.9457303555328, 'maize': 43532.95484400059, 'rice': 16963.09942564388}, '28': {'tur': 11466.536657586565, 'maize': 6492.7192351914355, 'rice': 16650.744107222003}, '29': {'tur': 7204.039571053676, 'maize': 99.27256961773136, 'rice': 2071.687859328594}, '30': {'tur': 125448.4145156472, 'maize': 3402.9367074902457, 'rice': 78979.64877686257}}
Standard allocation :  {'1': {'tur': 23003.0, 'maize': 62916.0, 'rice': 0.0}, '2': {'tur': 1347.0, 'maize': 9449.0, 'rice': 676.0}, '3': {'tur': 6278.0, 'maize': 141195.0, 'rice': 64585.0}, '4': {'tur': 9363.0, 'maize': 97818.0, 'rice': 101933.0}, '5': {'tur': 600.0, 'maize': 1153.0, 'rice': 270.0}, '6': {'tur': 78680.0, 'maize': 867.0, 'rice': 1018.0}, '7': {'tur': 262563.0, 'maize': 50520.0, 'rice': 30.0}, '8': {'tur': 786.0, 'maize': 29289.0, 'rice': 3011.0}, '9': {'tur': 10720.0, 'maize': 59501.0, 'rice': 431.0}, '10': {'tur': 509.0, 'maize': 15287.0, 'rice': 26898.0}, '11': {'tur': 13338.0, 'maize': 80866.0, 'rice': 1584.0}, '12': {'tur': 8143.0, 'maize': 189436.0, 'rice': 64403.0}, '13': {'tur': 881.0, 'maize': 27986.0, 'rice': 22421.0}, '14': {'tur': 3373.0, 'maize': 38468.0, 'rice': 2437.0}, '15': {'tur': 328808.0, 'maize': 220.0, 'rice': 7833.0}, '16': {'tur': 1622.0, 'maize': 82852.0, 'rice': 21625.0}, '17': {'tur': 1221.0, 'maize': 185153.0, 'rice': 27730.0}, '18': {'tur': 0.0, 'maize': 3558.0, 'rice': 27171.0}, '19': {'tur': 2297.0, 'maize': 114.0, 'rice': 1256.0}, '20': {'tur': 17255.0, 'maize': 63744.0, 'rice': 53939.0}, '21': {'tur': 1048.0, 'maize': 10287.0, 'rice': 33853.0}, '22': {'tur': 2022.0, 'maize': 49309.0, 'rice': 65128.0}, '23': {'tur': 38188.0, 'maize': 1592.0, 'rice': 113457.0}, '24': {'tur': 3377.0, 'maize': 2160.0, 'rice': 4294.0}, '25': {'tur': 491.0, 'maize': 71212.0, 'rice': 93516.0}, '26': {'tur': 10963.0, 'maize': 20122.0, 'rice': 4858.0}, '27': {'tur': 2.0, 'maize': 9868.0, 'rice': 62868.0}, '28': {'tur': 0.0, 'maize': 6.0, 'rice': 47095.0}, '29': {'tur': 0.0, 'maize': 0.0, 'rice': 33162.0}, '30': {'tur': 58035.0, 'maize': 60.0, 'rice': 105443.0}}

Stock after production
District :  Bagalkot , stock :  {'tur': 41159.74761226847, 'maize': 101266.74186586011, 'rice': 41685.37621684557}
District :  BANGALORE RURAL , stock :  {'tur': 4211.127521173959, 'maize': 15144.393390271647, 'rice': 9573.802648333782}
District :  Belgaum , stock :  {'tur': 44902.365429424244, 'maize': 618065.4961184587, 'rice': 9109.848839417782}
District :  BELLARY , stock :  {'tur': 43819.85839766004, 'maize': 415780.7306853676, 'rice': 659288.3208411594}
District :  BENGALURU URBAN , stock :  {'tur': 31.26803704332768, 'maize': 6370.05364214665, 'rice': 1321.431757659758}
District :  Bidar , stock :  {'tur': 41432.504374943695, 'maize': 46132.18914991514, 'rice': 29685.805227248977}
District :  Bijapur , stock :  {'tur': 87979.90195623999, 'maize': 347473.6187560759, 'rice': 756857.1266157124}
District :  CHAMARAJANAGAR , stock :  {'tur': 17843.083022080235, 'maize': 5191.865408081589, 'rice': 51585.30920437135}
District :  CHIKBALLAPUR , stock :  {'tur': 4549.38332800294, 'maize': 6043.236323747855, 'rice': 98055.95229665843}
District :  CHIKMAGALUR , stock :  {'tur': 10496.591806759501, 'maize': 68848.40609613122, 'rice': 8606.651677742493}
District :  CHITRADURGA , stock :  {'tur': 22275.036575843817, 'maize': 119882.22331256629, 'rice': 74749.66407852712}
District :  DAVANGERE , stock :  {'tur': 193133.51208236604, 'maize': 216282.56847941785, 'rice': 46218.33693734166}
District :  Dharwad , stock :  {'tur': 12524.566388601645, 'maize': 7200.6933608997, 'rice': 12823.97267400373}
District :  Gadag , stock :  {'tur': 9944.296187807966, 'maize': 36986.81513286247, 'rice': 70128.46741300217}
District :  Gulbarga , stock :  {'tur': 15270.834172471863, 'maize': 203523.19377959135, 'rice': 1656770.3594442545}
District :  Hassan , stock :  {'tur': 30112.79409965474, 'maize': 150984.40552564416, 'rice': 114213.19548578163}
District :  Haveri , stock :  {'tur': 154478.9409051493, 'maize': 85451.01321082024, 'rice': 31104.716262158505}
District :  Kodagu , stock :  {'tur': 0.0, 'maize': 43590.43074788971, 'rice': 20887.355012662643}
District :  Kolar , stock :  {'tur': 1088.7624920795806, 'maize': 13056.720220891271, 'rice': 3111.504847043138}
District :  Koppal , stock :  {'tur': 43030.308710612786, 'maize': 82066.2497359287, 'rice': 140844.81788551115}
District :  Mandya , stock :  {'tur': 26621.670522714125, 'maize': 16297.758111715822, 'rice': 79506.45170303222}
District :  Mysore , stock :  {'tur': 39283.485886775146, 'maize': 105610.56066808024, 'rice': 158422.82896172506}
District :  Raichur , stock :  {'tur': 16698.935045562932, 'maize': 792008.0817430306, 'rice': 282643.6696732165}
District :  RAMANAGARA , stock :  {'tur': 3745.597989969987, 'maize': 5125.7454870978645, 'rice': 1964.109007576074}
District :  Shimoga , stock :  {'tur': 78984.235736349, 'maize': 225219.9679216308, 'rice': 20263.476929440978}
District :  Tumkur , stock :  {'tur': 1473.7442752284376, 'maize': 56139.1717153116, 'rice': 41921.69224519788}
District :  UTTAR KANNAD , stock :  {'tur': 2717.95929776665, 'maize': 203734.22866992274, 'rice': 34519.9073311853}
District :  DAKSHIN KANNAD , stock :  {'tur': 11466.536657586565, 'maize': 0.0, 'rice': 46705.33722075772}
District :  Udupi , stock :  {'tur': 0.0, 'maize': 339.0158252445526, 'rice': 6132.196063612639}
District :  Yadgir , stock :  {'tur': 106631.15233830012, 'maize': 11484.911387779579, 'rice': 238123.64106224064}
Solution status :  False
Logs :  [['14', '17', 'rice', 7808.556737841496], ['30', '15', 'tur', 56605.337338300116], ['21', '24', 'maize', 1037.7755129021352], ['2', '24', 'rice', 8595.633148333782], ['26', '24', 'rice', 2822.913844090146], ['24', '26', 'tur', 780.6057247715623], ['10', '16', 'maize', 31866.12684613122], ['16', '10', 'rice', 31189.51207225751], ['8', '22', 'rice', 16712.45303827495], ['22', '8', 'maize', 14100.134668080238], ['26', '2', 'maize', 13383.408359728352], ['9', '19', 'tur', 114.01250792041947], ['9', '19', 'rice', 776.267152956862], ['19', '9', 'maize', 11576.26222089127], ['14', '20', 'rice', 26370.76211448884], ['11', '12', 'rice', 72910.60482852711], ['24', '5', 'tur', 258.3849629566723], ['26', '21', 'rice', 28160.116401107738], ['26', '9', 'maize', 5525.320105583247], ['1', '7', 'tur', 28078.93161226847], ['7', '1', 'maize', 93537.74563413988], ['21', '9', 'maize', 311.93759881368715], ['9', '21', 'rice', 2876.486895860042], ['13', '3', 'rice', 4022.872674003729], ['3', '13', 'maize', 64124.0076391003], ['25', '12', 'maize', 18425.439421630814], ['5', '9', 'maize', 3086.7036421466505], ['20', '1', 'tur', 1.8189894035458565e-12], ['4', '20', 'maize', 38318.11926407131], ['11', '25', 'rice', 5.6843418860808015e-12], ['16', '18', 'rice', 15966.203413524127], ['18', '16', 'maize', 32779.85824788971], ['14', '12', 'rice', 29878.223560671835], ['4', '11', 'maize', 30546.24442129623], ['4', '12', 'rice', 86160.65397345938], ['3', '17', 'maize', 118501.5919793584], ['1', '3', 'rice', 41631.511216845574], ['4', '14', 'rice', 9.094947017729282e-13], ['20', '7', 'tur', 11455.79143149154], ['4', '23', 'tur', 9469.735454437068], ['29', '16', 'maize', 339.0158252445526], ['7', '14', 'maize', 43933.06236713753], ['5', '25', 'rice', 566.124757659758], ['7', '17', 'maize', 106326.57195479852], ['7', '3', 'rice', 44864.92626973291], ['4', '1', 'rice', 2.0392576516314875e-12], ['19', '8', 'maize', 4.547473508864641e-13], ['4', '25', 'rice', 147168.52061289924], ['18', '8', 'maize', 1.8189894035458565e-12], ['8', '18', 'rice', 4859.623573813231], ['27', '17', 'maize', 108729.70685502287], ['20', '15', 'tur', 25401.252279121247], ['4', '15', 'tur', 28334.359693222974], ['27', '12', 'maize', 62128.223814899866], ['14', '15', 'tur', 8933.377187807966], ['28', '14', 'tur', 1.1368683772161603e-13], ['10', '20', 'tur', 9.094947017729282e-13], ['17', '15', 'tur', 153694.5419051493], ['23', '11', 'maize', 53685.806266137486], ['23', '12', 'maize', 85188.51978405146], ['8', '28', 'rice', 12905.286842283167], ['7', '27', 'rice', 48658.7844588147], ['13', '15', 'tur', 12334.432388601645], ['3', '15', 'tur', 40458.975429424245], ['4', '28', 'rice', 20601.296226959108], ['4', '29', 'rice', 37935.09993638736], ['10', '3', 'tur', 9.094947017729282e-13], ['12', '15', 'tur', 2061.6416059006006], ['23', '9', 'maize', 69886.9651088173], ['23', '16', 'maize', 55059.39705509035], ['17', '6', 'tur', 4.888534022029489e-12], ['13', '6', 'tur', 2.842170943040401e-14], ['12', '6', 'tur', 15786.878125056297], ['23', '8', 'maize', 67630.06242383817]]

Final Distribution : 
District :  Bagalkot , stock :  {'tur': 13080.816, 'maize': 194804.4875, 'rice': 53.865}
District :  BANGALORE RURAL , stock :  {'tur': 4211.127521173959, 'maize': 28527.80175, 'rice': 978.1695}
District :  Belgaum , stock :  {'tur': 4443.39, 'maize': 435439.8965, 'rice': 99629.159}
District :  BELLARY , stock :  {'tur': 6015.76325, 'maize': 346916.367, 'rice': 367422.75009145436}
District :  BENGALURU URBAN , stock :  {'tur': 289.653, 'maize': 3283.35, 'rice': 755.307}
District :  Bidar , stock :  {'tur': 57219.3825, 'maize': 46132.18914991514, 'rice': 29685.805227248977}
District :  Bijapur , stock :  {'tur': 127514.625, 'maize': 103676.2388, 'rice': 663333.4158871649}
District :  CHAMARAJANAGAR , stock :  {'tur': 17843.083022080235, 'maize': 86922.0625, 'rice': 17107.94575}
District :  CHIKBALLAPUR , stock :  {'tur': 4435.37082008252, 'maize': 96430.425, 'rice': 94403.19824784153}
District :  CHIKMAGALUR , stock :  {'tur': 10496.591806759501, 'maize': 36982.27925, 'rice': 39796.16375}
District :  CHITRADURGA , stock :  {'tur': 22275.036575843817, 'maize': 204114.274, 'rice': 1839.05925}
District :  DAVANGERE , stock :  {'tur': 175284.99235140914, 'maize': 382024.7515, 'rice': 235167.8193}
District :  Dharwad , stock :  {'tur': 190.134, 'maize': 71324.701, 'rice': 8801.1}
District :  Gadag , stock :  {'tur': 1010.919, 'maize': 80919.8775, 'rice': 6070.925}
District :  Gulbarga , stock :  {'tur': 343094.752, 'maize': 203523.19377959135, 'rice': 1656770.3594442545}
District :  Hassan , stock :  {'tur': 30112.79409965474, 'maize': 271028.8035, 'rice': 67057.48}
District :  Haveri , stock :  {'tur': 784.399, 'maize': 419008.884, 'rice': 38913.273}
District :  Kodagu , stock :  {'tur': 0.0, 'maize': 10810.5725, 'rice': 41713.182}
District :  Kolar , stock :  {'tur': 1202.775, 'maize': 1480.458, 'rice': 3887.772}
District :  Koppal , stock :  {'tur': 6173.265, 'maize': 120384.369, 'rice': 167215.58}
District :  Mandya , stock :  {'tur': 26621.670522714125, 'maize': 14948.045, 'rice': 110543.055}
District :  Mysore , stock :  {'tur': 39283.485886775146, 'maize': 91510.426, 'rice': 175135.282}
District :  Raichur , stock :  {'tur': 26168.6705, 'maize': 460557.3311050957, 'rice': 282643.6696732165}
District :  RAMANAGARA , stock :  {'tur': 2706.607302241752, 'maize': 6163.521, 'rice': 13382.656}
District :  Shimoga , stock :  {'tur': 78984.235736349, 'maize': 206794.5285, 'rice': 167998.1223}
District :  Tumkur , stock :  {'tur': 2254.35, 'maize': 37230.44325, 'rice': 10938.662}
District :  UTTAR KANNAD , stock :  {'tur': 2717.95929776665, 'maize': 32876.298, 'rice': 83178.69179}
District :  DAKSHIN KANNAD , stock :  {'tur': 11466.536657586565, 'maize': 0.0, 'rice': 80211.92029}
District :  Udupi , stock :  {'tur': 0.0, 'maize': 0.0, 'rice': 44067.296}
District :  Yadgir , stock :  {'tur': 50025.815, 'maize': 11484.911387779579, 'rice': 238123.64106224064}

Solution status :  True

Total revenue from sale :  299710919061.72

Total cost of production :  147773406167.65

Total transport cost :  24033597.48

Total profit :  151913479296.59

iteration no 0 
iteration no 10000 
iteration no 20000 
iteration no 30000 
iteration no 40000 
iteration no 50000 
iteration no 60000 
iteration no 70000 
iteration no 80000 
iteration no 90000 
149629939277.56155
{'1': {'tur': 20.922130198320794, 'maize': 26534.660696012437, 'rice': 84108.41717378923}, '2': {'tur': 2169.5491736644713, 'maize': 4730.327528125873, 'rice': 4684.123298209656}, '3': {'tur': 139964.03347937646, 'maize': 46229.691139648494, 'rice': 41895.27538097501}, '4': {'tur': 146353.99421361685, 'maize': 81965.5046975383, 'rice': 127207.50108884485}, '5': {'tur': 725.3442242566631, 'maize': 586.1871232517846, 'rice': 717.4686524915525}, '6': {'tur': 48528.09384553755, 'maize': 14703.06466266934, 'rice': 15894.84149179311}, '7': {'tur': 69759.37182644675, 'maize': 295573.0515360685, 'rice': 201506.57663748474}, '8': {'tur': 10638.879364695133, 'maize': 6249.789080207189, 'rice': 23655.331555097684}, '9': {'tur': 1259.2114509296891, 'maize': 14055.360364711885, 'rice': 22485.428184358425}, '10': {'tur': 19842.865874961655, 'maize': 8076.586616300604, 'rice': 12421.547508737742}, '11': {'tur': 38617.504393938405, 'maize': 41684.37083218563, 'rice': 29161.124773875967}, '12': {'tur': 171309.22127092327, 'maize': 70866.57112662712, 'rice': 20310.207602449587}, '13': {'tur': 12882.445630261303, 'maize': 38627.05708743914, 'rice': 2875.497282299557}, '14': {'tur': 30363.443792132544, 'maize': 21287.981865968817, 'rice': 9972.574341898639}, '15': {'tur': 45556.70680603079, 'maize': 43828.910399215485, 'rice': 536718.3827947538}, '16': {'tur': 39480.00516649866, 'maize': 76076.9161465219, 'rice': 19908.078686979432}, '17': {'tur': 110794.83863980658, 'maize': 117920.65886775067, 'rice': 1350.5024924427676}, '18': {'tur': 13828.439879463693, 'maize': 4258.036874727844, 'rice': 3173.5232458084643}, '19': {'tur': 1308.7887789574334, 'maize': 486.4872018348349, 'rice': 4578.7240192077315}, '20': {'tur': 74595.73296415915, 'maize': 28463.249873587287, 'rice': 70156.01716225354}, '21': {'tur': 15164.94502153299, 'maize': 5782.9378987609925, 'rice': 50913.11707970601}, '22': {'tur': 38312.309257090434, 'maize': 45513.803457928414, 'rice': 45941.887284981145}, '23': {'tur': 71804.04258062337, 'maize': 114005.11955417687, 'rice': 96606.83786519978}, '24': {'tur': 2685.2727741680405, 'maize': 2887.0355877229917, 'rice': 2306.6916381089677}, '25': {'tur': 18019.31026597208, 'maize': 92789.57257011678, 'rice': 50975.11716391115}, '26': {'tur': 16061.620489583649, 'maize': 18579.62166605779, 'rice': 12292.757844358564}, '27': {'tur': 12952.515858594856, 'maize': 18613.87701905661, 'rice': 32553.607122348534}, '28': {'tur': 3856.510274644841, 'maize': 19015.458344909865, 'rice': 11738.031380445294}, '29': {'tur': 5105.554590919122, 'maize': 3390.156363408683, 'rice': 879.2890456721937}, '30': {'tur': 15567.499447424289, 'maize': 173621.6898017513, 'rice': 18641.81075082442}}
Execution time: 8.926502633094788 minutes
iteration no 0 
iteration no 1000 
iteration no 2000 
iteration no 3000 
iteration no 4000 
iteration no 5000 
iteration no 6000 
iteration no 7000 
iteration no 8000 
iteration no 9000 
iteration no 10000 
iteration no 11000 
iteration no 12000 
iteration no 13000 
iteration no 14000 
iteration no 15000 
iteration no 16000 
iteration no 17000 
iteration no 18000 
iteration no 19000 
iteration no 20000 
iteration no 21000 
iteration no 22000 
iteration no 23000 
iteration no 24000 
iteration no 25000 
iteration no 26000 
iteration no 27000 
iteration no 28000 
iteration no 29000 
iteration no 30000 
iteration no 31000 
iteration no 32000 
iteration no 33000 
iteration no 34000 
iteration no 35000 
iteration no 36000 
iteration no 37000 
iteration no 38000 
iteration no 39000 
iteration no 40000 
iteration no 41000 
iteration no 42000 
iteration no 43000 
iteration no 44000 
iteration no 45000 
iteration no 46000 
iteration no 47000 
iteration no 48000 
iteration no 49000 
iteration no 50000 
iteration no 51000 
iteration no 52000 
iteration no 53000 
iteration no 54000 
iteration no 55000 
iteration no 56000 
iteration no 57000 
iteration no 58000 
iteration no 59000 
iteration no 60000 
iteration no 61000 
iteration no 62000 
iteration no 63000 
iteration no 64000 
iteration no 65000 
iteration no 66000 
iteration no 67000 
iteration no 68000 
iteration no 69000 
iteration no 70000 
iteration no 71000 
iteration no 72000 
iteration no 73000 
iteration no 74000 
iteration no 75000 
iteration no 76000 
iteration no 77000 
iteration no 78000 
iteration no 79000 
iteration no 80000 
iteration no 81000 
iteration no 82000 
iteration no 83000 
iteration no 84000 
iteration no 85000 
iteration no 86000 
iteration no 87000 
iteration no 88000 
iteration no 89000 
iteration no 90000 
iteration no 91000 
iteration no 92000 
iteration no 93000 
iteration no 94000 
iteration no 95000 
iteration no 96000 
iteration no 97000 
iteration no 98000 
iteration no 99000 
150089928103.2398
{'1': {'tur': 25576.15930966706, 'maize': 41089.391864976606, 'rice': 43998.44882535634}, '2': {'tur': 4218.074921263547, 'maize': 3710.9259576569643, 'rice': 3654.999121079489}, '3': {'tur': 88978.26669520163, 'maize': 81215.91382126423, 'rice': 57894.81948353413}, '4': {'tur': 164461.3811987153, 'maize': 97504.50045585069, 'rice': 93561.11834543402}, '5': {'tur': 186.60928545113524, 'maize': 969.4791137522429, 'rice': 872.911600796622}, '6': {'tur': 20271.992924691967, 'maize': 37671.803489976344, 'rice': 21182.20358533169}, '7': {'tur': 117220.32495430794, 'maize': 257864.28046012137, 'rice': 191754.39458557058}, '8': {'tur': 8212.41148779935, 'maize': 17110.50085666684, 'rice': 15221.087655533813}, '9': {'tur': 9908.26692167603, 'maize': 15403.81970105759, 'rice': 12487.913377266383}, '10': {'tur': 18813.412046927024, 'maize': 19355.45637302443, 'rice': 2172.131580048544}, '11': {'tur': 35536.502249393154, 'maize': 31553.19169887749, 'rice': 42373.306051729356}, '12': {'tur': 156250.77460989857, 'maize': 13661.810352056455, 'rice': 92573.41503804494}, '13': {'tur': 10552.783344537824, 'maize': 22831.23856529402, 'rice': 21000.978090168155}, '14': {'tur': 25294.00878442707, 'maize': 5833.188002609938, 'rice': 30496.80321296299}, '15': {'tur': 21388.40653597541, 'maize': 16464.458314331783, 'rice': 588251.1351496928}, '16': {'tur': 63613.50616905995, 'maize': 46721.43114942602, 'rice': 25130.062681514028}, '17': {'tur': 121447.51049448937, 'maize': 104904.52996635532, 'rice': 3713.959539155313}, '18': {'tur': 9860.318666349509, 'maize': 4974.359769832033, 'rice': 6425.321563818457}, '19': {'tur': 1108.1838719738075, 'maize': 2144.6231651002113, 'rice': 3121.1929629259816}, '20': {'tur': 46421.37129185431, 'maize': 69636.70972040873, 'rice': 57156.91898773695}, '21': {'tur': 29088.178913955926, 'maize': 5428.9858410156485, 'rice': 37343.83524502842}, '22': {'tur': 69626.12560354927, 'maize': 9421.035923848054, 'rice': 50720.838472602685}, '23': {'tur': 25120.356250343866, 'maize': 218516.7441587268, 'rice': 38778.89959092931}, '24': {'tur': 1337.3733422972464, 'maize': 6362.056188209844, 'rice': 179.5704694929097}, '25': {'tur': 54713.7021793254, 'maize': 82611.10825539603, 'rice': 24459.189565278568}, '26': {'tur': 4199.834491492711, 'maize': 17188.343458653286, 'rice': 25545.822049854}, '27': {'tur': 34331.183100330614, 'maize': 2789.9497433516335, 'rice': 26998.867156317756}, '28': {'tur': 913.1884971454826, 'maize': 32932.96591501141, 'rice': 763.8455878431057}, '29': {'tur': 4076.7224758831385, 'maize': 505.6721318564763, 'rice': 4792.605392260385}, '30': {'tur': 54151.67950037974, 'maize': 74564.82608968759, 'rice': 79114.49440993267}}
Execution time: 9.375147704283396 minutes
1.4,0.6
iteration no 0 
iteration no 1000 
iteration no 2000 
iteration no 3000 
iteration no 4000 
iteration no 5000 
iteration no 6000 
iteration no 7000 
iteration no 8000 
iteration no 9000 
iteration no 10000 
iteration no 11000 
iteration no 12000 
iteration no 13000 
iteration no 14000 
iteration no 15000 
iteration no 16000 
iteration no 17000 
iteration no 18000 
iteration no 19000 
iteration no 20000 
iteration no 21000 
iteration no 22000 
iteration no 23000 
iteration no 24000 
iteration no 25000 
iteration no 26000 
iteration no 27000 
iteration no 28000 
iteration no 29000 
iteration no 30000 
iteration no 31000 
iteration no 32000 
iteration no 33000 
iteration no 34000 
iteration no 35000 
iteration no 36000 
iteration no 37000 
iteration no 38000 
iteration no 39000 
iteration no 40000 
iteration no 41000 
iteration no 42000 
iteration no 43000 
iteration no 44000 
iteration no 45000 
iteration no 46000 
iteration no 47000 
iteration no 48000 
iteration no 49000 
iteration no 50000 
iteration no 51000 
iteration no 52000 
iteration no 53000 
iteration no 54000 
iteration no 55000 
iteration no 56000 
iteration no 57000 
iteration no 58000 
iteration no 59000 
iteration no 60000 
iteration no 61000 
iteration no 62000 
iteration no 63000 
iteration no 64000 
iteration no 65000 
iteration no 66000 
iteration no 67000 
iteration no 68000 
iteration no 69000 
iteration no 70000 
iteration no 71000 
iteration no 72000 
iteration no 73000 
iteration no 74000 
iteration no 75000 
iteration no 76000 
iteration no 77000 
iteration no 78000 
iteration no 79000 
iteration no 80000 
iteration no 81000 
iteration no 82000 
iteration no 83000 
iteration no 84000 
iteration no 85000 
iteration no 86000 
iteration no 87000 
iteration no 88000 
iteration no 89000 
iteration no 90000 
iteration no 91000 
iteration no 92000 
iteration no 93000 
iteration no 94000 
iteration no 95000 
iteration no 96000 
iteration no 97000 
iteration no 98000 
iteration no 99000 
217944637784.52582
{'1': {'tur': 18703.394187078462, 'maize': 77195.91337352339, 'rice': 14764.692439398148}, '2': {'tur': 2959.2317851704383, 'maize': 1445.5603593291028, 'rice': 7179.20785550046}, '3': {'tur': 64553.423348920864, 'maize': 75866.59213895627, 'rice': 87668.98451212287}, '4': {'tur': 260423.2718723654, 'maize': 67026.56165633537, 'rice': 28077.166471299213}, '5': {'tur': 452.7024923887899, 'maize': 783.8271096842401, 'rice': 792.4703979269697}, '6': {'tur': 16968.696528699056, 'maize': 27987.297445611763, 'rice': 34170.00602568919}, '7': {'tur': 10366.081727430736, 'maize': 139692.8257159117, 'rice': 416780.09255665756}, '8': {'tur': 3596.8952491809305, 'maize': 4806.4940570705485, 'rice': 32140.61069374852}, '9': {'tur': 11990.34610720097, 'maize': 10630.134510744385, 'rice': 15179.519382054643}, '10': {'tur': 16829.633838470683, 'maize': 14864.456041773501, 'rice': 8646.910119755816}, '11': {'tur': 38209.08926445132, 'maize': 34848.72459155184, 'rice': 36405.18614399684}, '12': {'tur': 163721.55809370914, 'maize': 16576.30350077585, 'rice': 82188.13840551501}, '13': {'tur': 23425.402331957855, 'maize': 9176.259656659466, 'rice': 21783.338011382682}, '14': {'tur': 29402.67845248386, 'maize': 30392.155225882805, 'rice': 1829.1663216333368}, '15': {'tur': 130519.21620043671, 'maize': 44532.891216409706, 'rice': 451051.89258315356}, '16': {'tur': 18130.986172562334, 'maize': 114286.40617047914, 'rice': 3047.60765695851}, '17': {'tur': 40357.58057388208, 'maize': 85104.2318141602, 'rice': 104604.18761195772}, '18': {'tur': 6705.612679076878, 'maize': 2410.551214791317, 'rice': 12143.836106131805}, '19': {'tur': 1631.7741047270918, 'maize': 4493.44577223142, 'rice': 248.78012304148814}, '20': {'tur': 111155.66230150731, 'maize': 14422.01856680183, 'rice': 47637.31913169085}, '21': {'tur': 14134.271595632568, 'maize': 30810.290809765753, 'rice': 26916.43759460167}, '22': {'tur': 61253.31352941398, 'maize': 4117.844437704313, 'rice': 64396.842032881694}, '23': {'tur': 25952.83593352175, 'maize': 228595.46728463497, 'rice': 27867.69678184328}, '24': {'tur': 4385.168677593733, 'maize': 2098.3350411174843, 'rice': 1395.496281288782}, '25': {'tur': 141744.6241161032, 'maize': 19888.69068464178, 'rice': 150.68519925502682}, '26': {'tur': 13166.320003157247, 'maize': 17763.874012039312, 'rice': 16003.805984803443}, '27': {'tur': 12073.711053612995, 'maize': 20731.67912131963, 'rice': 31314.60982506738}, '28': {'tur': 8429.884795801594, 'maize': 6257.432410614645, 'rice': 19922.68279358376}, '29': {'tur': 996.4262260596697, 'maize': 4271.518602589284, 'rice': 4107.055171351048}, '30': {'tur': 76922.84626603696, 'maize': 56639.04508605285, 'rice': 74269.1086479102}}
Execution time: 9.328736412525178 minutes
1.4,0.6
iteration no 0 
iteration no 1000 
iteration no 2000 
iteration no 3000 
iteration no 4000 
iteration no 5000 
iteration no 6000 
iteration no 7000 
iteration no 8000 
iteration no 9000 
iteration no 10000 
iteration no 11000 
iteration no 12000 
iteration no 13000 
iteration no 14000 
iteration no 15000 
iteration no 16000 
iteration no 17000 
iteration no 18000 
iteration no 19000 
iteration no 20000 
iteration no 21000 
iteration no 22000 
iteration no 23000 
iteration no 24000 
iteration no 25000 
iteration no 26000 
iteration no 27000 
iteration no 28000 
iteration no 29000 
iteration no 30000 
iteration no 31000 
iteration no 32000 
iteration no 33000 
iteration no 34000 
iteration no 35000 
iteration no 36000 
iteration no 37000 
iteration no 38000 
iteration no 39000 
iteration no 40000 
iteration no 41000 
iteration no 42000 
iteration no 43000 
iteration no 44000 
iteration no 45000 
iteration no 46000 
iteration no 47000 
iteration no 48000 
iteration no 49000 
iteration no 50000 
iteration no 51000 
iteration no 52000 
iteration no 53000 
iteration no 54000 
iteration no 55000 
iteration no 56000 
iteration no 57000 
iteration no 58000 
iteration no 59000 
iteration no 60000 
iteration no 61000 
iteration no 62000 
iteration no 63000 
iteration no 64000 
iteration no 65000 
iteration no 66000 
iteration no 67000 
iteration no 68000 
iteration no 69000 
iteration no 70000 
iteration no 71000 
iteration no 72000 
iteration no 73000 
iteration no 74000 
iteration no 75000 
iteration no 76000 
iteration no 77000 
iteration no 78000 
iteration no 79000 
iteration no 80000 
iteration no 81000 
iteration no 82000 
iteration no 83000 
iteration no 84000 
iteration no 85000 
iteration no 86000 
iteration no 87000 
iteration no 88000 
iteration no 89000 
iteration no 90000 
iteration no 91000 
iteration no 92000 
iteration no 93000 
iteration no 94000 
iteration no 95000 
iteration no 96000 
iteration no 97000 
iteration no 98000 
iteration no 99000 
218624255038.38486
{'1': {'tur': 13385.011027271903, 'maize': 47993.274376533554, 'rice': 49285.71459619455}, '2': {'tur': 2888.507272126946, 'maize': 4668.619765607232, 'rice': 4026.872962265822}, '3': {'tur': 189139.9657511033, 'maize': 19858.017265642186, 'rice': 19091.016983254554}, '4': {'tur': 230747.68636758428, 'maize': 102052.73484119681, 'rice': 22726.578791218937}, '5': {'tur': 564.1644612057592, 'maize': 918.5400430997803, 'rice': 546.2954956944606}, '6': {'tur': 12662.85499851616, 'maize': 23025.236781654876, 'rice': 43437.90821982897}, '7': {'tur': 124515.36968899069, 'maize': 191615.248121728, 'rice': 250708.3821892813}, '8': {'tur': 7906.391536580536, 'maize': 24222.499743086988, 'rice': 8415.108720332475}, '9': {'tur': 17190.058259960715, 'maize': 360.4714475707088, 'rice': 20249.470292468577}, '10': {'tur': 8839.852803733596, 'maize': 11516.114215788813, 'rice': 19985.03298047759}, '11': {'tur': 50274.911487203106, 'maize': 28850.557049001825, 'rice': 30337.53146379507}, '12': {'tur': 215649.25309266368, 'maize': 11112.367910974483, 'rice': 35724.37899636183}, '13': {'tur': 16667.51478850034, 'maize': 21415.723779717406, 'rice': 16301.761431782257}, '14': {'tur': 42565.19573033694, 'maize': 10897.742308620662, 'rice': 8161.061961042404}, '15': {'tur': 139234.64954537517, 'maize': 148892.26293445873, 'rice': 337977.08752016607}, '16': {'tur': 10596.90519210158, 'maize': 93755.5737692447, 'rice': 31112.521038653707}, '17': {'tur': 99010.93148387443, 'maize': 128252.04533964784, 'rice': 2803.0231764777345}, '18': {'tur': 1829.9974149896907, 'maize': 8677.960892270868, 'rice': 10752.041692739442}, '19': {'tur': 2285.0443308306058, 'maize': 2846.150270492963, 'rice': 1242.8053986764317}, '20': {'tur': 7325.5126970260335, 'maize': 57971.75268736372, 'rice': 107917.73461561023}, '21': {'tur': 9388.379035287626, 'maize': 13474.70939636949, 'rice': 48997.91156834289}, '22': {'tur': 92494.82834364046, 'maize': 5068.942236123393, 'rice': 32204.229420236166}, '23': {'tur': 2115.7501087923397, 'maize': 170740.54612063165, 'rice': 109559.703770576}, '24': {'tur': 2057.357319815577, 'maize': 2285.0428995053308, 'rice': 3536.599780679093}, '25': {'tur': 41897.226242492194, 'maize': 84616.75385949503, 'rice': 35270.0198980128}, '26': {'tur': 6620.606750687441, 'maize': 22613.21291466196, 'rice': 17700.1803346506}, '27': {'tur': 20799.707995634562, 'maize': 19385.798893667907, 'rice': 23934.493110697535}, '28': {'tur': 11940.882086892838, 'maize': 13798.959664276494, 'rice': 8870.158248830669}, '29': {'tur': 1523.2863863835503, 'maize': 2751.6576462652324, 'rice': 5100.055967351216}, '30': {'tur': 84298.37631172383, 'maize': 101428.10146405744, 'rice': 22104.522224218763}}
Execution time: 9.715805164972942 minutes
iteration no 0 
iteration no 1000 
iteration no 2000 
iteration no 3000 
iteration no 4000 
iteration no 5000 
iteration no 6000 
iteration no 7000 
iteration no 8000 
iteration no 9000 
iteration no 10000 
iteration no 11000 
iteration no 12000 
iteration no 13000 
iteration no 14000 
iteration no 15000 
iteration no 16000 
iteration no 17000 
iteration no 18000 
iteration no 19000 
iteration no 20000 
iteration no 21000 
iteration no 22000 
iteration no 23000 
iteration no 24000 
iteration no 25000 
iteration no 26000 
iteration no 27000 
iteration no 28000 
iteration no 29000 
iteration no 30000 
iteration no 31000 
iteration no 32000 
iteration no 33000 
iteration no 34000 
iteration no 35000 
iteration no 36000 
iteration no 37000 
iteration no 38000 
iteration no 39000 
iteration no 40000 
iteration no 41000 
iteration no 42000 
iteration no 43000 
iteration no 44000 
iteration no 45000 
iteration no 46000 
iteration no 47000 
iteration no 48000 
iteration no 49000 
iteration no 50000 
iteration no 51000 
iteration no 52000 
iteration no 53000 
iteration no 54000 
iteration no 55000 
iteration no 56000 
iteration no 57000 
iteration no 58000 
iteration no 59000 
iteration no 60000 
iteration no 61000 
iteration no 62000 
iteration no 63000 
iteration no 64000 
iteration no 65000 
iteration no 66000 
iteration no 67000 
iteration no 68000 
iteration no 69000 
iteration no 70000 
iteration no 71000 
iteration no 72000 
iteration no 73000 
iteration no 74000 
iteration no 75000 
iteration no 76000 
iteration no 77000 
iteration no 78000 
iteration no 79000 
iteration no 80000 
iteration no 81000 
iteration no 82000 
iteration no 83000 
iteration no 84000 
iteration no 85000 
iteration no 86000 
iteration no 87000 
iteration no 88000 
iteration no 89000 
iteration no 90000 
iteration no 91000 
iteration no 92000 
iteration no 93000 
iteration no 94000 
iteration no 95000 
iteration no 96000 
iteration no 97000 
iteration no 98000 
iteration no 99000 
150375297233.59348
{'1': {'tur': 68338.33442704806, 'maize': 11455.881844283093, 'rice': 30869.783728668845}, '2': {'tur': 1204.592544041572, 'maize': 2122.1689117521387, 'rice': 8257.23854420629}, '3': {'tur': 45745.34068034527, 'maize': 152466.7305393926, 'rice': 29876.928780262104}, '4': {'tur': 118272.02734922651, 'maize': 104678.63533313676, 'rice': 132576.33731763673}, '5': {'tur': 615.4571231585584, 'maize': 490.3617659777241, 'rice': 923.1811108637178}, '6': {'tur': 44163.26652669494, 'maize': 33562.315912842416, 'rice': 1400.4175604626441}, '7': {'tur': 200793.3396260884, 'maize': 339323.3060797905, 'rice': 26722.3542941211}, '8': {'tur': 15370.237311454162, 'maize': 15575.263787487715, 'rice': 9598.498901058125}, '9': {'tur': 18044.116821402935, 'maize': 16639.477074847193, 'rice': 3116.4061037498755}, '10': {'tur': 35760.77798740016, 'maize': 2876.062390104316, 'rice': 1704.1596224955215}, '11': {'tur': 86817.76008322068, 'maize': 12150.484214387785, 'rice': 10494.755702391534}, '12': {'tur': 138031.06825475942, 'maize': 119832.71892117365, 'rice': 4622.212824066923}, '13': {'tur': 10323.542525593908, 'maize': 26666.58377479894, 'rice': 17394.873699607146}, '14': {'tur': 595.0955578271638, 'maize': 3035.369084981523, 'rice': 57993.535357191315}, '15': {'tur': 235279.20907340854, 'maize': 193501.69862246385, 'rice': 197323.0923041276}, '16': {'tur': 46932.30888205697, 'maize': 44682.93823020632, 'rice': 43849.75288773673}, '17': {'tur': 189682.16145019492, 'maize': 17556.25905257888, 'rice': 22827.5794972262}, '18': {'tur': 4178.026457001784, 'maize': 13340.493871747713, 'rice': 3741.4796712505017}, '19': {'tur': 3048.4736433487833, 'maize': 1793.5865413283345, 'rice': 1531.9398153228826}, '20': {'tur': 4731.467968855463, 'maize': 75285.28182454412, 'rice': 93198.25020660044}, '21': {'tur': 20161.348070527834, 'maize': 21727.201785301502, 'rice': 29972.450144170656}, '22': {'tur': 108621.53626996581, 'maize': 7006.6117492654475, 'rice': 14139.851980768723}, '23': {'tur': 1787.0888764068015, 'maize': 215125.30567297453, 'rice': 65503.6054506187}, '24': {'tur': 211.03522340083188, 'maize': 3990.6238287747733, 'rice': 3677.340947824394}, '25': {'tur': 10222.7345221706, 'maize': 135872.63979107613, 'rice': 15688.625686753263}, '26': {'tur': 5866.373918138942, 'maize': 22053.01185570893, 'rice': 19014.614226152127}, '27': {'tur': 54602.675602399046, 'maize': 683.0193734912945, 'rice': 8834.305024109657}, '28': {'tur': 21073.849757972494, 'maize': 4362.723585529059, 'rice': 9173.426656498446}, '29': {'tur': 2095.0252797399767, 'maize': 5822.524068924923, 'rice': 1457.4506513351}, '30': {'tur': 28648.984215612265, 'maize': 93762.93348736102, 'rice': 85419.08229702672}}
Execution time: 9.911804521083832 minutes
iteration no 0 
iteration no 1000 
iteration no 2000 
iteration no 3000 
iteration no 4000 
iteration no 5000 
iteration no 6000 
iteration no 7000 
iteration no 8000 
iteration no 9000 
iteration no 10000 
iteration no 11000 
iteration no 12000 
iteration no 13000 
iteration no 14000 
iteration no 15000 
iteration no 16000 
iteration no 17000 
iteration no 18000 
iteration no 19000 
iteration no 20000 
iteration no 21000 
iteration no 22000 
iteration no 23000 
iteration no 24000 
iteration no 25000 
iteration no 26000 
iteration no 27000 
iteration no 28000 
iteration no 29000 
iteration no 30000 
iteration no 31000 
iteration no 32000 
iteration no 33000 
iteration no 34000 
iteration no 35000 
iteration no 36000 
iteration no 37000 
iteration no 38000 
iteration no 39000 
iteration no 40000 
iteration no 41000 
iteration no 42000 
iteration no 43000 
iteration no 44000 
iteration no 45000 
iteration no 46000 
iteration no 47000 
iteration no 48000 
iteration no 49000 
iteration no 50000 
iteration no 51000 
iteration no 52000 
iteration no 53000 
iteration no 54000 
iteration no 55000 
iteration no 56000 
iteration no 57000 
iteration no 58000 
iteration no 59000 
iteration no 60000 
iteration no 61000 
iteration no 62000 
iteration no 63000 
iteration no 64000 
iteration no 65000 
iteration no 66000 
iteration no 67000 
iteration no 68000 
iteration no 69000 
iteration no 70000 
iteration no 71000 
iteration no 72000 
iteration no 73000 
iteration no 74000 
iteration no 75000 
iteration no 76000 
iteration no 77000 
iteration no 78000 
iteration no 79000 
iteration no 80000 
iteration no 81000 
iteration no 82000 
iteration no 83000 
iteration no 84000 
iteration no 85000 
iteration no 86000 
iteration no 87000 
iteration no 88000 
iteration no 89000 
iteration no 90000 
iteration no 91000 
iteration no 92000 
iteration no 93000 
iteration no 94000 
iteration no 95000 
iteration no 96000 
iteration no 97000 
iteration no 98000 
iteration no 99000 
151814309861.32477
{'1': {'tur': 911.4030654938591, 'maize': 47240.827726223506, 'rice': 62511.769208282625}, '2': {'tur': 4808.130223312208, 'maize': 930.0080726460908, 'rice': 5845.861704041702}, '3': {'tur': 9307.429391914724, 'maize': 51668.52885782629, 'rice': 167113.04175025897}, '4': {'tur': 186920.73200435587, 'maize': 148920.10148056463, 'rice': 19686.16651507955}, '5': {'tur': 966.4648133359437, 'maize': 78.82385553674752, 'rice': 983.7113311273089}, '6': {'tur': 29466.694232819107, 'maize': 34045.40545099397, 'rice': 15613.900316186922}, '7': {'tur': 1435.0826388800215, 'maize': 452904.4075368579, 'rice': 112499.50982426206}, '8': {'tur': 13277.438002502933, 'maize': 11300.516956634568, 'rice': 15966.045040862498}, '9': {'tur': 6935.79800625803, 'maize': 12893.170790730146, 'rice': 17971.031203011822}, '10': {'tur': 16441.91046152094, 'maize': 16568.77432094171, 'rice': 7330.315217537348}, '11': {'tur': 19983.297318206554, 'maize': 32269.520706195995, 'rice': 57210.18197559744}, '12': {'tur': 83578.45235021858, 'maize': 98195.66174638447, 'rice': 80711.88590339695}, '13': {'tur': 7481.344158605421, 'maize': 37791.822724163394, 'rice': 9111.833117231192}, '14': {'tur': 29458.942885395354, 'maize': 17702.736241975745, 'rice': 14462.320872628905}, '15': {'tur': 146767.47534857134, 'maize': 45612.22752241587, 'rice': 433724.2971290128}, '16': {'tur': 9691.473049421278, 'maize': 86159.58168878131, 'rice': 39613.94526179742}, '17': {'tur': 193001.62783561365, 'maize': 34140.286378414894, 'rice': 2924.085785971465}, '18': {'tur': 11068.144302558336, 'maize': 686.1432584084305, 'rice': 9505.712439033234}, '19': {'tur': 1874.958650308896, 'maize': 1549.0272416541127, 'rice': 2950.0141080369917}, '20': {'tur': 53628.621711835374, 'maize': 60776.69549125158, 'rice': 58809.682796913025}, '21': {'tur': 12544.543757225485, 'maize': 17295.00189677893, 'rice': 42021.45434599558}, '22': {'tur': 62585.97164581941, 'maize': 27992.086836580183, 'rice': 39189.941517600404}, '23': {'tur': 10457.486770618527, 'maize': 230723.05494272578, 'rice': 41235.4582866557}, '24': {'tur': 1976.5692317295407, 'maize': 3182.3822876616155, 'rice': 2720.048480608844}, '25': {'tur': 21679.306682875864, 'maize': 68419.78325427377, 'rice': 71684.91006285034}, '26': {'tur': 12049.808366065907, 'maize': 15105.361333150073, 'rice': 19778.830300784022}, '27': {'tur': 20352.331537747257, 'maize': 16412.743416314883, 'rice': 27354.925045937867}, '28': {'tur': 1714.34601814612, 'maize': 14457.70305231616, 'rice': 18437.95092953772}, '29': {'tur': 1939.5562175012947, 'maize': 3696.1813830740534, 'rice': 3739.2623994246514}, '30': {'tur': 164511.40477074246, 'maize': 7419.998714457907, 'rice': 35899.59651479965}}
Execution time: 9.366260886192322 minutes
